#
# A fatal error has been detected by the Java Runtime Environment:
#
#  Internal Error (javaClasses.cpp:126), pid=3656, tid=3984
#  fatal error: Invalid layout of preloaded class
#
# JRE version:  (8.0_25-b18) (build )
# Java VM: Java HotSpot(TM) 64-Bit Server VM (25.25-b02 mixed mode windows-amd64 compressed oops)
# Failed to write core dump. Minidumps are not enabled by default on client versions of Windows
#
# If you would like to submit a bug report, please visit:
#   http://bugreport.sun.com/bugreport/crash.jsp
#

---------------  T H R E A D  ---------------

Current thread (0x00000000022ce000):  JavaThread "Unknown thread" [_thread_in_vm, id=3984, stack(0x00000000025a0000,0x00000000026a0000)]

Stack: [0x00000000025a0000,0x00000000026a0000]
Native frames: (J=compiled Java code, j=interpreted, Vv=VM code, C=native code)
V  [jvm.dll+0x31667a]
V  [jvm.dll+0x267073]
V  [jvm.dll+0x267cb3]
V  [jvm.dll+0x25f536]
V  [jvm.dll+0x5e773]
V  [jvm.dll+0x5e863]
V  [jvm.dll+0x731ca]
V  [jvm.dll+0x73528]
V  [jvm.dll+0xe48b7]
V  [jvm.dll+0xe4c46]
V  [jvm.dll+0x1f9ae7]
V  [jvm.dll+0x22b2e4]
V  [jvm.dll+0x14d571]
C  [javaw.exe+0x20c6]
C  [javaw.exe+0xc9eb]
C  [javaw.exe+0xca7f]
C  [kernel32.dll+0x1f56d]
C  [ntdll.dll+0x33281]


---------------  P R O C E S S  ---------------

Java Threads: ( => current thread )

Other Threads:

=>0x00000000022ce000 (exited) JavaThread "Unknown thread" [_thread_in_vm, id=3984, stack(0x00000000025a0000,0x00000000026a0000)]

VM state:not at safepoint (not fully initialized)

VM Mutex/Monitor currently owned by a thread: None

GC Heap History (0 events):
No events

Deoptimization events (0 events):
No events

Internal exceptions (0 events):
No events

Events (10 events):
Event: 0.015 loading class java/lang/CharSequence done
Event: 0.015 loading class java/lang/String done
Event: 0.015 loading class java/lang/Class
Event: 0.015 loading class java/lang/reflect/AnnotatedElement
Event: 0.015 loading class java/lang/reflect/AnnotatedElement done
Event: 0.015 loading class java/lang/reflect/GenericDeclaration
Event: 0.015 loading class java/lang/reflect/GenericDeclaration done
Event: 0.015 loading class java/lang/reflect/Type
Event: 0.015 loading class java/lang/reflect/Type done
Event: 0.015 loading class java/lang/Class done


Dynamic libraries:
0x000000013f600000 - 0x000000013f634000 	C:\Program Files\Java\jre1.8.0_25\bin\javaw.exe
0x0000000077580000 - 0x000000007772b000 	C:\Windows\SYSTEM32\ntdll.dll
0x0000000077460000 - 0x000000007757f000 	C:\Windows\system32\kernel32.dll
0x000007fefd840000 - 0x000007fefd8ab000 	C:\Windows\system32\KERNELBASE.dll
0x000007feff420000 - 0x000007feff4fb000 	C:\Windows\system32\ADVAPI32.dll
0x000007fefe040000 - 0x000007fefe0df000 	C:\Windows\system32\msvcrt.dll
0x000007feff350000 - 0x000007feff36f000 	C:\Windows\SYSTEM32\sechost.dll
0x000007feff0f0000 - 0x000007feff21e000 	C:\Windows\system32\RPCRT4.dll
0x0000000077360000 - 0x000000007745a000 	C:\Windows\system32\USER32.dll
0x000007fefe2f0000 - 0x000007fefe357000 	C:\Windows\system32\GDI32.dll
0x000007fefdfb0000 - 0x000007fefdfbe000 	C:\Windows\system32\LPK.dll
0x000007fefe130000 - 0x000007fefe1fa000 	C:\Windows\system32\USP10.dll
0x000007fefbc60000 - 0x000007fefbe54000 	C:\Windows\WinSxS\amd64_microsoft.windows.common-controls_6595b64144ccf1df_6.0.7600.16385_none_fa645303170382f6\COMCTL32.dll
0x000007feff3a0000 - 0x000007feff411000 	C:\Windows\system32\SHLWAPI.dll
0x000007feff370000 - 0x000007feff39e000 	C:\Windows\system32\IMM32.DLL
0x000007feff240000 - 0x000007feff349000 	C:\Windows\system32\MSCTF.dll
0x000000006c420000 - 0x000000006c4f2000 	C:\Program Files\Java\jre1.8.0_25\bin\msvcr100.dll
0x0000000068030000 - 0x000000006888a000 	C:\Program Files\Java\jre1.8.0_25\bin\server\jvm.dll
0x000007fefc150000 - 0x000007fefc159000 	C:\Windows\system32\WSOCK32.dll
0x000007fefe200000 - 0x000007fefe24d000 	C:\Windows\system32\WS2_32.dll
0x000007fefdc40000 - 0x000007fefdc48000 	C:\Windows\system32\NSI.dll
0x000007fef8920000 - 0x000007fef895b000 	C:\Windows\system32\WINMM.dll
0x0000000077740000 - 0x0000000077747000 	C:\Windows\system32\PSAPI.DLL
0x00000000731d0000 - 0x00000000731df000 	C:\Program Files\Java\jre1.8.0_25\bin\verify.dll
0x00000000731a0000 - 0x00000000731c8000 	C:\Program Files\Java\jre1.8.0_25\bin\java.dll
0x0000000073180000 - 0x0000000073196000 	C:\Program Files\Java\jre1.8.0_25\bin\zip.dll
0x000007fef7a30000 - 0x000007fef7b55000 	C:\Windows\system32\dbghelp.dll

VM Arguments:
jvm_args: -Dfile.encoding=Cp1252 -Xbootclasspath:C:\Users\dell\Desktop\Projects\adt-bundle-windows-x86_64-20140702\sdk\platforms\android-22\android.jar 
java_command: com.bazinga.app.test
java_class_path (initial): C:\Users\dell\workspaceApp\Bazinga\bin\classes;C:\Users\dell\workspaceApp\appcompat_v7\libs\android-support-v4.jar;C:\Users\dell\workspaceApp\appcompat_v7\libs\android-support-v7-appcompat.jar;C:\Users\dell\workspaceApp\appcompat_v7\bin\appcompat_v7.jar
Launcher Type: SUN_STANDARD

Environment Variables:
JAVA_HOME=C:\Program Files\Java\jdk1.8.0_25
PATH=C:/Program Files/Java/jre1.8.0_25/bin/server;C:/Program Files/Java/jre1.8.0_25/bin;C:/Program Files/Java/jre1.8.0_25/lib/amd64;C:\ProgramData\Oracle\Java\javapath;D:\Softwares\eclipse\jdk1.7.0_45\jre\bin;C:\Users\dell\Documents\client;C:\Program Files (x86)\PC Connectivity Solution\;C:\Windows\system32;C:\Windows;C:\Windows\System32\Wbem;C:\Windows\System32\WindowsPowerShell\v1.0\;C:\Program Files\TortoiseSVN\bin;C:\Users\dell\Downloads;C:\Program Files (x86)\nodejs\;C:\Program Files (x86)\Skype\Phone\;C:\OrCAD\OrCAD_16.6_Lite\tools\pcb\bin;C:\OrCAD\OrCAD_16.6_Lite\tools\fet\bin;C:\OrCAD\OrCAD_16.6_Lite\OpenAccess\bin\win32\opt;C:\OrCAD\OrCAD_16.6_Lite\tools\bin;C:\OrCAD\OrCAD_16.6_Lite\tools\Capture;C:\OrCAD\OrCAD_16.6_Lite\tools\PSpice;C:\Users\dell\Downloads\libs;C:\Users\dell\Desktop\Projects\adt-bundle-windows-x86_64-20140702\eclipse;
USERNAME=dell
OS=Windows_NT
PROCESSOR_IDENTIFIER=Intel64 Family 6 Model 37 Stepping 2, GenuineIntel



---------------  S Y S T E M  ---------------

OS: Windows 7 , 64 bit Build 7600 

CPU:total 4 (2 cores per cpu, 2 threads per core) family 6 model 37 stepping 2, cmov, cx8, fxsr, mmx, sse, sse2, sse3, ssse3, sse4.1, sse4.2, popcnt, ht, tsc, tscinvbit

Memory: 4k page, physical 4051480k(917392k free), swap 8101064k(3080280k free)

vm_info: Java HotSpot(TM) 64-Bit Server VM (25.25-b02) for windows-amd64 JRE (1.8.0_25-b18), built on Oct  7 2014 14:25:37 by "java_re" with MS VC++ 10.0 (VS2010)

time: Sat Jul 18 14:21:30 2015
elapsed time: 0 seconds (0d 0h 0m 0s)

